<?xml version="1.0" encoding="UTF-8"?>
<testsuite xmlns:xsi="http://www.w3.org/2001/XMLSchema-instance" xsi:noNamespaceSchemaLocation="https://maven.apache.org/surefire/maven-surefire-plugin/xsd/surefire-test-report-3.0.xsd" version="3.0" name="TestSuite" time="73.473" tests="5" errors="0" skipped="0" failures="0">
  <properties>
[...]
</properties>
  <testcase name="CheckNavigationToBrowseQuestion" classname="com.stackOverflow.qa.testcases.StackOverFlowPageTest" time="4.536">
    <system-out><![CDATA[Before navigating to: 'https://stackoverflow.com/'
Navigated to:'https://stackoverflow.com/'
Trying to find Element By : By.xpath: //*[@id='js-gdpr-consent-banner']/div/div[2]/a
Found Element By : By.xpath: //*[@id='js-gdpr-consent-banner']/div/div[2]/a
Trying to find Element By : By.id: for-developers
Found Element By : By.id: for-developers
Trying to find Element By : By.xpath: //*[@id="for-developers"]/div[2]/div[1]/a
Found Element By : By.xpath: //*[@id="for-developers"]/div[2]/div[1]/a
Trying to click on: [[ChromeDriver: chrome on WINDOWS (359b6ad2a852b317b732f5719fda2b32)] -> xpath: //*[@id='js-gdpr-consent-banner']/div/div[2]/a]
Clicked on: [[ChromeDriver: chrome on WINDOWS (359b6ad2a852b317b732f5719fda2b32)] -> xpath: //*[@id='js-gdpr-consent-banner']/div/div[2]/a]
Trying to find Element By : By.id: nav-tags
Found Element By : By.id: nav-tags
Newest Questions - Stack Overflow
]]></system-out>
    <system-err><![CDATA[SLF4J: Failed to load class "org.slf4j.impl.StaticLoggerBinder".
SLF4J: Defaulting to no-operation (NOP) logger implementation
SLF4J: See http://www.slf4j.org/codes.html#StaticLoggerBinder for further details.
Starting ChromeDriver 84.0.4147.30 (48b3e868b4cc0aa7e8149519690b6f6949e110a8-refs/branch-heads/4147@{#310}) on port 46271
Only local connections are allowed.
Please see https://chromedriver.chromium.org/security-considerations for suggestions on keeping ChromeDriver safe.
ChromeDriver was started successfully.
Aug 09, 2020 4:28:44 PM org.openqa.selenium.remote.ProtocolHandshake createSession
INFO: Detected dialect: W3C
]]></system-err>
  </testcase>
  <testcase name="StackOverflowPageTitleTest" classname="com.stackOverflow.qa.testcases.StackOverFlowPageTest" time="0">
    <system-out><![CDATA[Before navigating to: 'https://stackoverflow.com/'
Navigated to:'https://stackoverflow.com/'
Trying to find Element By : By.xpath: //*[@id='js-gdpr-consent-banner']/div/div[2]/a
Found Element By : By.xpath: //*[@id='js-gdpr-consent-banner']/div/div[2]/a
Trying to find Element By : By.id: for-developers
Found Element By : By.id: for-developers
Trying to find Element By : By.xpath: //*[@id="for-developers"]/div[2]/div[1]/a
Found Element By : By.xpath: //*[@id="for-developers"]/div[2]/div[1]/a
]]></system-out>
    <system-err><![CDATA[Starting ChromeDriver 84.0.4147.30 (48b3e868b4cc0aa7e8149519690b6f6949e110a8-refs/branch-heads/4147@{#310}) on port 2328
Only local connections are allowed.
Please see https://chromedriver.chromium.org/security-considerations for suggestions on keeping ChromeDriver safe.
ChromeDriver was started successfully.
Aug 09, 2020 4:28:57 PM org.openqa.selenium.remote.ProtocolHandshake createSession
INFO: Detected dialect: W3C
]]></system-err>
  </testcase>
  <testcase name="checkNavigationToTags" classname="com.stackOverflow.qa.testcases.QuestionsPageTest" time="0.906">
    <system-out><![CDATA[Before navigating to: 'https://stackoverflow.com/'
Navigated to:'https://stackoverflow.com/'
Trying to find Element By : By.xpath: //*[@id='js-gdpr-consent-banner']/div/div[2]/a
Found Element By : By.xpath: //*[@id='js-gdpr-consent-banner']/div/div[2]/a
Trying to find Element By : By.id: for-developers
Found Element By : By.id: for-developers
Trying to find Element By : By.xpath: //*[@id="for-developers"]/div[2]/div[1]/a
Found Element By : By.xpath: //*[@id="for-developers"]/div[2]/div[1]/a
Trying to click on: [[ChromeDriver: chrome on WINDOWS (9d72e4d1b292d60d1f78c4b7ca206f9c)] -> xpath: //*[@id='js-gdpr-consent-banner']/div/div[2]/a]
Clicked on: [[ChromeDriver: chrome on WINDOWS (9d72e4d1b292d60d1f78c4b7ca206f9c)] -> xpath: //*[@id='js-gdpr-consent-banner']/div/div[2]/a]
Trying to find Element By : By.id: nav-tags
Found Element By : By.id: nav-tags
Trying to click on: [[ChromeDriver: chrome on WINDOWS (9d72e4d1b292d60d1f78c4b7ca206f9c)] -> id: nav-tags]
Clicked on: [[ChromeDriver: chrome on WINDOWS (9d72e4d1b292d60d1f78c4b7ca206f9c)] -> id: nav-tags]
Trying to find Element By : By.xpath: //a[@data-value='name']
Found Element By : By.xpath: //a[@data-value='name']
]]></system-out>
    <system-err><![CDATA[Starting ChromeDriver 84.0.4147.30 (48b3e868b4cc0aa7e8149519690b6f6949e110a8-refs/branch-heads/4147@{#310}) on port 20555
Only local connections are allowed.
Please see https://chromedriver.chromium.org/security-considerations for suggestions on keeping ChromeDriver safe.
ChromeDriver was started successfully.
Aug 09, 2020 4:29:07 PM org.openqa.selenium.remote.ProtocolHandshake createSession
INFO: Detected dialect: W3C
]]></system-err>
  </testcase>
  <testcase name="checkIftagsByNameSuccessful" classname="com.stackOverflow.qa.testcases.TagsPageTest" time="0.431">
    <system-out><![CDATA[Before navigating to: 'https://stackoverflow.com/'
Navigated to:'https://stackoverflow.com/'
Trying to find Element By : By.xpath: //*[@id='js-gdpr-consent-banner']/div/div[2]/a
Found Element By : By.xpath: //*[@id='js-gdpr-consent-banner']/div/div[2]/a
Trying to find Element By : By.id: for-developers
Found Element By : By.id: for-developers
Trying to find Element By : By.xpath: //*[@id="for-developers"]/div[2]/div[1]/a
Found Element By : By.xpath: //*[@id="for-developers"]/div[2]/div[1]/a
Trying to click on: [[ChromeDriver: chrome on WINDOWS (7bb594e890bf98bf61d0e8e6cd43a4fd)] -> xpath: //*[@id='js-gdpr-consent-banner']/div/div[2]/a]
Clicked on: [[ChromeDriver: chrome on WINDOWS (7bb594e890bf98bf61d0e8e6cd43a4fd)] -> xpath: //*[@id='js-gdpr-consent-banner']/div/div[2]/a]
Trying to find Element By : By.id: nav-tags
Found Element By : By.id: nav-tags
Trying to click on: [[ChromeDriver: chrome on WINDOWS (7bb594e890bf98bf61d0e8e6cd43a4fd)] -> id: nav-tags]
Clicked on: [[ChromeDriver: chrome on WINDOWS (7bb594e890bf98bf61d0e8e6cd43a4fd)] -> id: nav-tags]
Trying to find Element By : By.xpath: //a[@data-value='name']
Found Element By : By.xpath: //a[@data-value='name']
Trying to click on: [[ChromeDriver: chrome on WINDOWS (7bb594e890bf98bf61d0e8e6cd43a4fd)] -> xpath: //a[@data-value='name']]
Clicked on: [[ChromeDriver: chrome on WINDOWS (7bb594e890bf98bf61d0e8e6cd43a4fd)] -> xpath: //a[@data-value='name']]
Trying to find Element By : By.xpath: //div[@id='tags-browser']//div[1]//div[1]//div[1]
Found Element By : By.xpath: //div[@id='tags-browser']//div[1]//div[1]//div[1]
Trying to find Element By : By.xpath: //div[@id='tags-browser']//div[36]//div[1]//div[1]
Found Element By : By.xpath: //div[@id='tags-browser']//div[36]//div[1]//div[1]
]]></system-out>
    <system-err><![CDATA[Starting ChromeDriver 84.0.4147.30 (48b3e868b4cc0aa7e8149519690b6f6949e110a8-refs/branch-heads/4147@{#310}) on port 4477
Only local connections are allowed.
Please see https://chromedriver.chromium.org/security-considerations for suggestions on keeping ChromeDriver safe.
ChromeDriver was started successfully.
Aug 09, 2020 4:29:21 PM org.openqa.selenium.remote.ProtocolHandshake createSession
INFO: Detected dialect: W3C
]]></system-err>
  </testcase>
  <testcase name="getTagNameWithMaxQuestions" classname="com.stackOverflow.qa.testcases.TagsPageTest" time="3.965">
    <system-out><![CDATA[Before navigating to: 'https://stackoverflow.com/'
Navigated to:'https://stackoverflow.com/'
Trying to find Element By : By.xpath: //*[@id='js-gdpr-consent-banner']/div/div[2]/a
Found Element By : By.xpath: //*[@id='js-gdpr-consent-banner']/div/div[2]/a
Trying to find Element By : By.id: for-developers
Found Element By : By.id: for-developers
Trying to find Element By : By.xpath: //*[@id="for-developers"]/div[2]/div[1]/a
Found Element By : By.xpath: //*[@id="for-developers"]/div[2]/div[1]/a
Trying to click on: [[ChromeDriver: chrome on WINDOWS (6f04f633a15b8bdebdd5bf88f226ca84)] -> xpath: //*[@id='js-gdpr-consent-banner']/div/div[2]/a]
Clicked on: [[ChromeDriver: chrome on WINDOWS (6f04f633a15b8bdebdd5bf88f226ca84)] -> xpath: //*[@id='js-gdpr-consent-banner']/div/div[2]/a]
Trying to find Element By : By.id: nav-tags
Found Element By : By.id: nav-tags
Trying to click on: [[ChromeDriver: chrome on WINDOWS (6f04f633a15b8bdebdd5bf88f226ca84)] -> id: nav-tags]
Clicked on: [[ChromeDriver: chrome on WINDOWS (6f04f633a15b8bdebdd5bf88f226ca84)] -> id: nav-tags]
Trying to find Element By : By.xpath: //a[@data-value='name']
Found Element By : By.xpath: //a[@data-value='name']
Trying to click on: [[ChromeDriver: chrome on WINDOWS (6f04f633a15b8bdebdd5bf88f226ca84)] -> xpath: //a[@data-value='name']]
Clicked on: [[ChromeDriver: chrome on WINDOWS (6f04f633a15b8bdebdd5bf88f226ca84)] -> xpath: //a[@data-value='name']]
Trying to find Element By : By.xpath: //div[@id='tags-browser']//div[@class='s-card js-tag-cell grid fd-column']
Found Element By : By.xpath: //div[@id='tags-browser']//div[@class='s-card js-tag-cell grid fd-column']
Trying to find Element By : By.xpath: .//div[1]/div[1]
Found Element By : By.xpath: .//div[1]/div[1]
Trying to find Element By : By.xpath: .//div[@class='mt-auto grid jc-space-between fs-caption fc-black-300']//div[contains(text(),'question')]
Found Element By : By.xpath: .//div[@class='mt-auto grid jc-space-between fs-caption fc-black-300']//div[contains(text(),'question')]
Trying to find Element By : By.xpath: .//div[1]/div[1]
Found Element By : By.xpath: .//div[1]/div[1]
Trying to find Element By : By.xpath: .//div[@class='mt-auto grid jc-space-between fs-caption fc-black-300']//div[contains(text(),'question')]
Found Element By : By.xpath: .//div[@class='mt-auto grid jc-space-between fs-caption fc-black-300']//div[contains(text(),'question')]
Trying to find Element By : By.xpath: .//div[1]/div[1]
Found Element By : By.xpath: .//div[1]/div[1]
Trying to find Element By : By.xpath: .//div[@class='mt-auto grid jc-space-between fs-caption fc-black-300']//div[contains(text(),'question')]
Found Element By : By.xpath: .//div[@class='mt-auto grid jc-space-between fs-caption fc-black-300']//div[contains(text(),'question')]
Trying to find Element By : By.xpath: .//div[1]/div[1]
Found Element By : By.xpath: .//div[1]/div[1]
Trying to find Element By : By.xpath: .//div[@class='mt-auto grid jc-space-between fs-caption fc-black-300']//div[contains(text(),'question')]
Found Element By : By.xpath: .//div[@class='mt-auto grid jc-space-between fs-caption fc-black-300']//div[contains(text(),'question')]
Trying to find Element By : By.xpath: .//div[1]/div[1]
Found Element By : By.xpath: .//div[1]/div[1]
Trying to find Element By : By.xpath: .//div[@class='mt-auto grid jc-space-between fs-caption fc-black-300']//div[contains(text(),'question')]
Found Element By : By.xpath: .//div[@class='mt-auto grid jc-space-between fs-caption fc-black-300']//div[contains(text(),'question')]
Trying to find Element By : By.xpath: .//div[1]/div[1]
Found Element By : By.xpath: .//div[1]/div[1]
Trying to find Element By : By.xpath: .//div[@class='mt-auto grid jc-space-between fs-caption fc-black-300']//div[contains(text(),'question')]
Found Element By : By.xpath: .//div[@class='mt-auto grid jc-space-between fs-caption fc-black-300']//div[contains(text(),'question')]
Trying to find Element By : By.xpath: .//div[1]/div[1]
Found Element By : By.xpath: .//div[1]/div[1]
Trying to find Element By : By.xpath: .//div[@class='mt-auto grid jc-space-between fs-caption fc-black-300']//div[contains(text(),'question')]
Found Element By : By.xpath: .//div[@class='mt-auto grid jc-space-between fs-caption fc-black-300']//div[contains(text(),'question')]
Trying to find Element By : By.xpath: .//div[1]/div[1]
Found Element By : By.xpath: .//div[1]/div[1]
Trying to find Element By : By.xpath: .//div[@class='mt-auto grid jc-space-between fs-caption fc-black-300']//div[contains(text(),'question')]
Found Element By : By.xpath: .//div[@class='mt-auto grid jc-space-between fs-caption fc-black-300']//div[contains(text(),'question')]
Trying to find Element By : By.xpath: .//div[1]/div[1]
Found Element By : By.xpath: .//div[1]/div[1]
Trying to find Element By : By.xpath: .//div[@class='mt-auto grid jc-space-between fs-caption fc-black-300']//div[contains(text(),'question')]
Found Element By : By.xpath: .//div[@class='mt-auto grid jc-space-between fs-caption fc-black-300']//div[contains(text(),'question')]
Trying to find Element By : By.xpath: .//div[1]/div[1]
Found Element By : By.xpath: .//div[1]/div[1]
Trying to find Element By : By.xpath: .//div[@class='mt-auto grid jc-space-between fs-caption fc-black-300']//div[contains(text(),'question')]
Found Element By : By.xpath: .//div[@class='mt-auto grid jc-space-between fs-caption fc-black-300']//div[contains(text(),'question')]
Trying to find Element By : By.xpath: .//div[1]/div[1]
Found Element By : By.xpath: .//div[1]/div[1]
Trying to find Element By : By.xpath: .//div[@class='mt-auto grid jc-space-between fs-caption fc-black-300']//div[contains(text(),'question')]
Found Element By : By.xpath: .//div[@class='mt-auto grid jc-space-between fs-caption fc-black-300']//div[contains(text(),'question')]
Trying to find Element By : By.xpath: .//div[1]/div[1]
Found Element By : By.xpath: .//div[1]/div[1]
Trying to find Element By : By.xpath: .//div[@class='mt-auto grid jc-space-between fs-caption fc-black-300']//div[contains(text(),'question')]
Found Element By : By.xpath: .//div[@class='mt-auto grid jc-space-between fs-caption fc-black-300']//div[contains(text(),'question')]
Trying to find Element By : By.xpath: .//div[1]/div[1]
Found Element By : By.xpath: .//div[1]/div[1]
Trying to find Element By : By.xpath: .//div[@class='mt-auto grid jc-space-between fs-caption fc-black-300']//div[contains(text(),'question')]
Found Element By : By.xpath: .//div[@class='mt-auto grid jc-space-between fs-caption fc-black-300']//div[contains(text(),'question')]
Trying to find Element By : By.xpath: .//div[1]/div[1]
Found Element By : By.xpath: .//div[1]/div[1]
Trying to find Element By : By.xpath: .//div[@class='mt-auto grid jc-space-between fs-caption fc-black-300']//div[contains(text(),'question')]
Found Element By : By.xpath: .//div[@class='mt-auto grid jc-space-between fs-caption fc-black-300']//div[contains(text(),'question')]
Trying to find Element By : By.xpath: .//div[1]/div[1]
Found Element By : By.xpath: .//div[1]/div[1]
Trying to find Element By : By.xpath: .//div[@class='mt-auto grid jc-space-between fs-caption fc-black-300']//div[contains(text(),'question')]
Found Element By : By.xpath: .//div[@class='mt-auto grid jc-space-between fs-caption fc-black-300']//div[contains(text(),'question')]
Trying to find Element By : By.xpath: .//div[1]/div[1]
Found Element By : By.xpath: .//div[1]/div[1]
Trying to find Element By : By.xpath: .//div[@class='mt-auto grid jc-space-between fs-caption fc-black-300']//div[contains(text(),'question')]
Found Element By : By.xpath: .//div[@class='mt-auto grid jc-space-between fs-caption fc-black-300']//div[contains(text(),'question')]
Trying to find Element By : By.xpath: .//div[1]/div[1]
Found Element By : By.xpath: .//div[1]/div[1]
Trying to find Element By : By.xpath: .//div[@class='mt-auto grid jc-space-between fs-caption fc-black-300']//div[contains(text(),'question')]
Found Element By : By.xpath: .//div[@class='mt-auto grid jc-space-between fs-caption fc-black-300']//div[contains(text(),'question')]
Trying to find Element By : By.xpath: .//div[1]/div[1]
Found Element By : By.xpath: .//div[1]/div[1]
Trying to find Element By : By.xpath: .//div[@class='mt-auto grid jc-space-between fs-caption fc-black-300']//div[contains(text(),'question')]
Found Element By : By.xpath: .//div[@class='mt-auto grid jc-space-between fs-caption fc-black-300']//div[contains(text(),'question')]
Trying to find Element By : By.xpath: .//div[1]/div[1]
Found Element By : By.xpath: .//div[1]/div[1]
Trying to find Element By : By.xpath: .//div[@class='mt-auto grid jc-space-between fs-caption fc-black-300']//div[contains(text(),'question')]
Found Element By : By.xpath: .//div[@class='mt-auto grid jc-space-between fs-caption fc-black-300']//div[contains(text(),'question')]
Trying to find Element By : By.xpath: .//div[1]/div[1]
Found Element By : By.xpath: .//div[1]/div[1]
Trying to find Element By : By.xpath: .//div[@class='mt-auto grid jc-space-between fs-caption fc-black-300']//div[contains(text(),'question')]
Found Element By : By.xpath: .//div[@class='mt-auto grid jc-space-between fs-caption fc-black-300']//div[contains(text(),'question')]
Trying to find Element By : By.xpath: .//div[1]/div[1]
Found Element By : By.xpath: .//div[1]/div[1]
Trying to find Element By : By.xpath: .//div[@class='mt-auto grid jc-space-between fs-caption fc-black-300']//div[contains(text(),'question')]
Found Element By : By.xpath: .//div[@class='mt-auto grid jc-space-between fs-caption fc-black-300']//div[contains(text(),'question')]
Trying to find Element By : By.xpath: .//div[1]/div[1]
Found Element By : By.xpath: .//div[1]/div[1]
Trying to find Element By : By.xpath: .//div[@class='mt-auto grid jc-space-between fs-caption fc-black-300']//div[contains(text(),'question')]
Found Element By : By.xpath: .//div[@class='mt-auto grid jc-space-between fs-caption fc-black-300']//div[contains(text(),'question')]
Trying to find Element By : By.xpath: .//div[1]/div[1]
Found Element By : By.xpath: .//div[1]/div[1]
Trying to find Element By : By.xpath: .//div[@class='mt-auto grid jc-space-between fs-caption fc-black-300']//div[contains(text(),'question')]
Found Element By : By.xpath: .//div[@class='mt-auto grid jc-space-between fs-caption fc-black-300']//div[contains(text(),'question')]
Trying to find Element By : By.xpath: .//div[1]/div[1]
Found Element By : By.xpath: .//div[1]/div[1]
Trying to find Element By : By.xpath: .//div[@class='mt-auto grid jc-space-between fs-caption fc-black-300']//div[contains(text(),'question')]
Found Element By : By.xpath: .//div[@class='mt-auto grid jc-space-between fs-caption fc-black-300']//div[contains(text(),'question')]
Trying to find Element By : By.xpath: .//div[1]/div[1]
Found Element By : By.xpath: .//div[1]/div[1]
Trying to find Element By : By.xpath: .//div[@class='mt-auto grid jc-space-between fs-caption fc-black-300']//div[contains(text(),'question')]
Found Element By : By.xpath: .//div[@class='mt-auto grid jc-space-between fs-caption fc-black-300']//div[contains(text(),'question')]
Trying to find Element By : By.xpath: .//div[1]/div[1]
Found Element By : By.xpath: .//div[1]/div[1]
Trying to find Element By : By.xpath: .//div[@class='mt-auto grid jc-space-between fs-caption fc-black-300']//div[contains(text(),'question')]
Found Element By : By.xpath: .//div[@class='mt-auto grid jc-space-between fs-caption fc-black-300']//div[contains(text(),'question')]
Trying to find Element By : By.xpath: .//div[1]/div[1]
Found Element By : By.xpath: .//div[1]/div[1]
Trying to find Element By : By.xpath: .//div[@class='mt-auto grid jc-space-between fs-caption fc-black-300']//div[contains(text(),'question')]
Found Element By : By.xpath: .//div[@class='mt-auto grid jc-space-between fs-caption fc-black-300']//div[contains(text(),'question')]
Trying to find Element By : By.xpath: .//div[1]/div[1]
Found Element By : By.xpath: .//div[1]/div[1]
Trying to find Element By : By.xpath: .//div[@class='mt-auto grid jc-space-between fs-caption fc-black-300']//div[contains(text(),'question')]
Found Element By : By.xpath: .//div[@class='mt-auto grid jc-space-between fs-caption fc-black-300']//div[contains(text(),'question')]
Trying to find Element By : By.xpath: .//div[1]/div[1]
Found Element By : By.xpath: .//div[1]/div[1]
Trying to find Element By : By.xpath: .//div[@class='mt-auto grid jc-space-between fs-caption fc-black-300']//div[contains(text(),'question')]
Found Element By : By.xpath: .//div[@class='mt-auto grid jc-space-between fs-caption fc-black-300']//div[contains(text(),'question')]
Trying to find Element By : By.xpath: .//div[1]/div[1]
Found Element By : By.xpath: .//div[1]/div[1]
Trying to find Element By : By.xpath: .//div[@class='mt-auto grid jc-space-between fs-caption fc-black-300']//div[contains(text(),'question')]
Found Element By : By.xpath: .//div[@class='mt-auto grid jc-space-between fs-caption fc-black-300']//div[contains(text(),'question')]
Trying to find Element By : By.xpath: .//div[1]/div[1]
Found Element By : By.xpath: .//div[1]/div[1]
Trying to find Element By : By.xpath: .//div[@class='mt-auto grid jc-space-between fs-caption fc-black-300']//div[contains(text(),'question')]
Found Element By : By.xpath: .//div[@class='mt-auto grid jc-space-between fs-caption fc-black-300']//div[contains(text(),'question')]
Trying to find Element By : By.xpath: .//div[1]/div[1]
Found Element By : By.xpath: .//div[1]/div[1]
Trying to find Element By : By.xpath: .//div[@class='mt-auto grid jc-space-between fs-caption fc-black-300']//div[contains(text(),'question')]
Found Element By : By.xpath: .//div[@class='mt-auto grid jc-space-between fs-caption fc-black-300']//div[contains(text(),'question')]
Trying to find Element By : By.xpath: .//div[1]/div[1]
Found Element By : By.xpath: .//div[1]/div[1]
Trying to find Element By : By.xpath: .//div[@class='mt-auto grid jc-space-between fs-caption fc-black-300']//div[contains(text(),'question')]
Found Element By : By.xpath: .//div[@class='mt-auto grid jc-space-between fs-caption fc-black-300']//div[contains(text(),'question')]
Trying to find Element By : By.xpath: .//div[1]/div[1]
Found Element By : By.xpath: .//div[1]/div[1]
Trying to find Element By : By.xpath: .//div[@class='mt-auto grid jc-space-between fs-caption fc-black-300']//div[contains(text(),'question')]
Found Element By : By.xpath: .//div[@class='mt-auto grid jc-space-between fs-caption fc-black-300']//div[contains(text(),'question')]
Trying to find Element By : By.xpath: .//div[1]/div[1]
Found Element By : By.xpath: .//div[1]/div[1]
Trying to find Element By : By.xpath: .//div[@class='mt-auto grid jc-space-between fs-caption fc-black-300']//div[contains(text(),'question')]
Found Element By : By.xpath: .//div[@class='mt-auto grid jc-space-between fs-caption fc-black-300']//div[contains(text(),'question')]
Trying to find Element By : By.xpath: .//div[1]/div[1]
Found Element By : By.xpath: .//div[1]/div[1]
Trying to find Element By : By.xpath: .//div[@class='mt-auto grid jc-space-between fs-caption fc-black-300']//div[contains(text(),'question')]
Found Element By : By.xpath: .//div[@class='mt-auto grid jc-space-between fs-caption fc-black-300']//div[contains(text(),'question')]

Key with Maximum value : .htaccess
Maximum value : 68348

]]></system-out>
    <system-err><![CDATA[Starting ChromeDriver 84.0.4147.30 (48b3e868b4cc0aa7e8149519690b6f6949e110a8-refs/branch-heads/4147@{#310}) on port 46103
Only local connections are allowed.
Please see https://chromedriver.chromium.org/security-considerations for suggestions on keeping ChromeDriver safe.
ChromeDriver was started successfully.
Aug 09, 2020 4:29:37 PM org.openqa.selenium.remote.ProtocolHandshake createSession
INFO: Detected dialect: W3C
]]></system-err>
  </testcase>
</testsuite>